<?xml version="1.0" encoding="UTF-8"?>
<!-- Generated by org.testng.reporters.JUnitReportReporter -->
<testsuite hostname="LAPTOP-VLNFFT1L" failures="0" tests="1" name="Academy.HomePage" time="26.104" errors="0" timestamp="22 Dec 2018 17:11:57 GMT">
  <testcase classname="Academy.HomePage" name="basePageNavigation" time="26.104"/>
</testsuite> <!-- Academy.HomePage -->
